<?xml version="1.0" encoding="UTF-8"?>
<!-- Generated by org.testng.reporters.JUnitXMLReporter -->
<testsuite ignored="0" hostname="DESKTOP-BTMAPVI" failures="0" tests="3" name="Test" time="0.127" errors="0" timestamp="2022-03-23T15:44:37 IST">
  <testcase classname="com.orangehrmappchild.LoginChild2" name="loginorangehrm2" time="0.058"/>
  <testcase classname="com.orangehrmappchild.LoginChild3" name="loginorangehrm3" time="0.057"/>
  <testcase classname="com.orangehrmappchild.DashboardChild" name="verifyDashboardpanel" time="0.057"/>
</testsuite> <!-- Test -->
