<?xml version="1.0" encoding="UTF-8"?>
<!-- Generated by org.testng.reporters.JUnitXMLReporter -->
<testsuite ignored="0" hostname="DESKTOP-BTMAPVI" failures="1" tests="2" name="Test2" time="31.345" errors="0" timestamp="2022-03-23T16:21:12 IST">
  <testcase classname="com.orangehrmappchild.LoginChild2" name="LC2loginorangehrm" time="18.771"/>
  <testcase classname="com.orangehrmappchild.LoginChild2" name="LC2loginorangehrm2" time="1.053">
    <failure type="java.lang.AssertionError" message="null">
      <![CDATA[java.lang.AssertionError: null
at com.orangehrmappchild.LoginChild2.LC2loginorangehrm2(LoginChild2.java:38)
at java.base/java.util.ArrayList.forEach(ArrayList.java:1511)
at java.base/java.util.concurrent.FutureTask.run(FutureTask.java:264)
at java.base/java.util.concurrent.ThreadPoolExecutor.runWorker(ThreadPoolExecutor.java:1136)
at java.base/java.util.concurrent.ThreadPoolExecutor$Worker.run(ThreadPoolExecutor.java:635)
at java.base/java.lang.Thread.run(Thread.java:833)
... Removed 24 stack frames]]>
    </failure>
  </testcase> <!-- LC2loginorangehrm2 -->
</testsuite> <!-- Test2 -->
