<?xml version="1.0" encoding="UTF-8"?>
<!-- Generated by org.testng.reporters.JUnitXMLReporter -->
<testsuite ignored="1" hostname="DESKTOP-BTMAPVI" failures="0" tests="1" name="Test5" time="21.468" errors="0" timestamp="2022-04-01T12:32:17 IST">
  <testcase classname="com.orangehrmappchild.AddVacanciesChild" name="loginorangehrm" time="13.774"/>
  <testcase classname="com.orangehrmappchild.AddVacanciesChild" name="vacanciemenu" time="0.0">
    <ignored/>
  </testcase> <!-- vacanciemenu -->
</testsuite> <!-- Test5 -->
