<?xml version="1.0" encoding="UTF-8"?>
<testng-results ignored="0" total="2" passed="2" failed="0" skipped="0">
  <reporter-output>
  </reporter-output>
  <suite started-at="2022-03-23T16:51:55 IST" name="Suite" finished-at="2022-03-23T16:54:34 IST" duration-ms="158983">
    <groups>
      <group name="BVT">
        <method signature="DashboardChild.loginorangehrm()[pri:0, instance:com.orangehrmappchild.DashboardChild@4f5991f6]" name="loginorangehrm" class="com.orangehrmappchild.DashboardChild"/>
        <method signature="DashboardChild.verifyDashboardpanel()[pri:1, instance:com.orangehrmappchild.DashboardChild@4f5991f6]" name="verifyDashboardpanel" class="com.orangehrmappchild.DashboardChild"/>
      </group> <!-- BVT -->
      <group name="Sanity">
        <method signature="DashboardChild.loginorangehrm()[pri:0, instance:com.orangehrmappchild.DashboardChild@4f5991f6]" name="loginorangehrm" class="com.orangehrmappchild.DashboardChild"/>
        <method signature="DashboardChild.verifyDashboardpanel()[pri:1, instance:com.orangehrmappchild.DashboardChild@4f5991f6]" name="verifyDashboardpanel" class="com.orangehrmappchild.DashboardChild"/>
      </group> <!-- Sanity -->
      <group name="Regression">
        <method signature="DashboardChild.loginorangehrm()[pri:0, instance:com.orangehrmappchild.DashboardChild@4f5991f6]" name="loginorangehrm" class="com.orangehrmappchild.DashboardChild"/>
        <method signature="DashboardChild.verifyDashboardpanel()[pri:1, instance:com.orangehrmappchild.DashboardChild@4f5991f6]" name="verifyDashboardpanel" class="com.orangehrmappchild.DashboardChild"/>
      </group> <!-- Regression -->
    </groups>
    <test started-at="2022-03-23T16:51:55 IST" name="Test1" finished-at="2022-03-23T16:54:34 IST" duration-ms="158983">
      <class name="com.orangehrmappchild.DashboardChild">
        <test-method is-config="true" signature="beforeClass()[pri:0, instance:com.orangehrmappchild.DashboardChild@4f5991f6]" started-at="2022-03-23T16:51:55 IST" name="beforeClass" finished-at="2022-03-23T16:52:01 IST" duration-ms="6904" status="PASS">
          <reporter-output>
          </reporter-output>
        </test-method> <!-- beforeClass -->
        <test-method signature="loginorangehrm()[pri:0, instance:com.orangehrmappchild.DashboardChild@4f5991f6]" started-at="2022-03-23T16:52:02 IST" name="loginorangehrm" finished-at="2022-03-23T16:54:31 IST" duration-ms="149292" status="PASS">
          <reporter-output>
          </reporter-output>
        </test-method> <!-- loginorangehrm -->
        <test-method signature="verifyDashboardpanel()[pri:1, instance:com.orangehrmappchild.DashboardChild@4f5991f6]" started-at="2022-03-23T16:54:31 IST" name="verifyDashboardpanel" finished-at="2022-03-23T16:54:33 IST" depends-on-methods="com.orangehrmappchild.DashboardChild.loginorangehrm" duration-ms="2370" status="PASS">
          <reporter-output>
          </reporter-output>
        </test-method> <!-- verifyDashboardpanel -->
        <test-method is-config="true" signature="afterMethod()[pri:0, instance:com.orangehrmappchild.DashboardChild@4f5991f6]" started-at="2022-03-23T16:54:33 IST" name="afterMethod" finished-at="2022-03-23T16:54:34 IST" duration-ms="256" status="PASS">
          <reporter-output>
          </reporter-output>
        </test-method> <!-- afterMethod -->
      </class> <!-- com.orangehrmappchild.DashboardChild -->
    </test> <!-- Test1 -->
  </suite> <!-- Suite -->
</testng-results>
